<?xml version="1.0" encoding="UTF-8"?>
<testsuite xmlns:xsi="http://www.w3.org/2001/XMLSchema-instance" xsi:noNamespaceSchemaLocation="https://maven.apache.org/surefire/maven-surefire-plugin/xsd/surefire-test-report-3.0.xsd" version="3.0" name="com.luv2code.junitdemo.DemoUtilsTest" time="7.269" tests="9" errors="0" skipped="0" failures="0">
  <properties>
[...]
</properties>
  <testcase name="testEqualAndNotEquals" classname="com.luv2code.junitdemo.DemoUtilsTest" time="0.076">
    <system-out><![CDATA[test for testForBeforeAll
test for testForBeforeEach
test for testEqualAndNotEquals
test for testForAfterEach
]]></system-out>
  </testcase>
  <testcase name="testNullAndNotNull" classname="com.luv2code.junitdemo.DemoUtilsTest" time="0.008">
    <system-out><![CDATA[test for testForBeforeEach
test for testNullAndNotNull
test for testForAfterEach
]]></system-out>
  </testcase>
  <testcase name="testTrueAndFalse" classname="com.luv2code.junitdemo.DemoUtilsTest" time="0.006">
    <system-out><![CDATA[test for testForBeforeEach
test for testForAfterEach
]]></system-out>
  </testcase>
  <testcase name="sameAndNotSameAssertion" classname="com.luv2code.junitdemo.DemoUtilsTest" time="0.008">
    <system-out><![CDATA[test for testForBeforeEach
test for testForAfterEach
]]></system-out>
  </testcase>
  <testcase name="testThrowAndDoesNotThrow" classname="com.luv2code.junitdemo.DemoUtilsTest" time="0.014">
    <system-out><![CDATA[test for testForBeforeEach
test for testForAfterEach
]]></system-out>
  </testcase>
  <testcase name="testTimeOut" classname="com.luv2code.junitdemo.DemoUtilsTest" time="7.03">
    <system-out><![CDATA[test for testForBeforeEach
I am going to sleep
Sleeping over
Sleeping over
test for testForAfterEach
]]></system-out>
  </testcase>
  <testcase name="testMathLine" classname="com.luv2code.junitdemo.DemoUtilsTest" time="0.014">
    <system-out><![CDATA[test for testForBeforeEach
test for testForAfterEach
]]></system-out>
  </testcase>
  <testcase name="testArrayIsEqual" classname="com.luv2code.junitdemo.DemoUtilsTest" time="0.01">
    <system-out><![CDATA[test for testForBeforeEach
test for testForAfterEach
]]></system-out>
  </testcase>
  <testcase name="testListIsEqual" classname="com.luv2code.junitdemo.DemoUtilsTest" time="0.006">
    <system-out><![CDATA[test for testForBeforeEach
test for testForAfterEach
]]></system-out>
  </testcase>
</testsuite>