<?xml version="1.0" encoding="UTF-8"?>
<testsuite xmlns:xsi="http://www.w3.org/2001/XMLSchema-instance" xsi:noNamespaceSchemaLocation="https://maven.apache.org/surefire/maven-surefire-plugin/xsd/surefire-test-report.xsd" version="3.0.2" name="com.luv2code.test.ReflectionTestUtilsTest" time="0.054" tests="2" errors="0" skipped="0" failures="0">
  <properties>
[...]
</properties>
  <testcase name="getPrivateField" classname="com.luv2code.test.ReflectionTestUtilsTest" time="0.021"/>
  <testcase name="invokePrivateMethod" classname="com.luv2code.test.ReflectionTestUtilsTest" time="0.005"/>
</testsuite>